  application.cpp
C:\Program Files\Microsoft Visual Studio\2022\Community\VC\Tools\MSVC\14.35.32215\include\filesystem(13): warning STL4038: The contents of <filesystem> are available only with C++17 or later.
C:\Users\paul8\Downloads\Telegram Desktop\3D Scene\M7\application.cpp(47,21): warning C4244: 'initializing': conversion from 'double' to 'float', possible loss of data
C:\Users\paul8\Downloads\Telegram Desktop\3D Scene\M7\application.cpp(123,66): warning C4305: 'argument': truncation from 'double' to 'float'
C:\Users\paul8\Downloads\Telegram Desktop\3D Scene\M7\application.cpp(137,57): warning C4305: 'argument': truncation from 'double' to 'float'
C:\Users\paul8\Downloads\Telegram Desktop\3D Scene\M7\application.cpp(151,23): warning C4305: 'initializing': truncation from 'double' to 'float'
C:\Users\paul8\Downloads\Telegram Desktop\3D Scene\M7\application.cpp(284,30): warning C4244: 'argument': conversion from 'double' to 'float', possible loss of data
  Box.cpp
  camera.cpp
  Cube.cpp
  main.cpp
C:\Program Files\Microsoft Visual Studio\2022\Community\VC\Tools\MSVC\14.35.32215\include\filesystem(13): warning STL4038: The contents of <filesystem> are available only with C++17 or later.
  mesh.cpp
C:\Users\paul8\Downloads\Telegram Desktop\3D Scene\M7\mesh.cpp(57,32): warning C4267: '=': conversion from 'size_t' to 'uint32_t', possible loss of data
  Plane.cpp
  Cylinder.cpp
C:\Users\paul8\Downloads\Telegram Desktop\3D Scene\M7\Cylinder.cpp(48,21): warning C4267: '=': conversion from 'size_t' to 'int', possible loss of data
C:\Users\paul8\Downloads\Telegram Desktop\3D Scene\M7\Cylinder.cpp(103,33): warning C4267: 'initializing': conversion from 'size_t' to 'int', possible loss of data
C:\Users\paul8\Downloads\Telegram Desktop\3D Scene\M7\Cylinder.cpp(141,21): warning C4267: '=': conversion from 'size_t' to 'int', possible loss of data
C:\Program Files\Microsoft Visual Studio\2022\Community\VC\Tools\MSVC\14.35.32215\include\tuple(144,47): warning C4244: 'initializing': conversion from '_Ty' to '_Ty', possible loss of data
          with
          [
              _Ty=int
          ]
          and
          [
              _Ty=float
          ]
C:\Program Files\Microsoft Visual Studio\2022\Community\VC\Tools\MSVC\14.35.32215\include\tuple(239): message : see reference to function template instantiation 'std::_Tuple_val<_This>::_Tuple_val<_Ty>(_Other &&)' being compiled
          with
          [
              _This=float,
              _Ty=int,
              _Other=int
          ]
C:\Program Files\Microsoft Visual Studio\2022\Community\VC\Tools\MSVC\14.35.32215\include\tuple(239,81): message : see reference to function template instantiation 'std::_Tuple_val<_This>::_Tuple_val<_Ty>(_Other &&)' being compiled
          with
          [
              _This=float,
              _Ty=int,
              _Other=int
          ]
C:\Program Files\Microsoft Visual Studio\2022\Community\VC\Tools\MSVC\14.35.32215\include\tuple(285): message : see reference to function template instantiation 'std::tuple<float,float>::tuple<std::_Exact_args_t,_Ty,_Ty,0>(_Tag,_This2 &&,_Ty &&)' being compiled
          with
          [
              _Ty=int,
              _Tag=std::_Exact_args_t,
              _This2=int
          ]
C:\Program Files\Microsoft Visual Studio\2022\Community\VC\Tools\MSVC\14.35.32215\include\tuple(285,16): message : see reference to function template instantiation 'std::tuple<float,float>::tuple<std::_Exact_args_t,_Ty,_Ty,0>(_Tag,_This2 &&,_Ty &&)' being compiled
          with
          [
              _Ty=int,
              _Tag=std::_Exact_args_t,
              _This2=int
          ]
C:\Users\paul8\Downloads\Telegram Desktop\3D Scene\M7\Cylinder.cpp(9): message : see reference to function template instantiation 'std::tuple<float,float>::tuple<int,int,0>(_This2 &&,int &&) noexcept' being compiled
          with
          [
              _This2=int
          ]
C:\Users\paul8\Downloads\Telegram Desktop\3D Scene\M7\Cylinder.cpp(9,58): message : see reference to function template instantiation 'std::tuple<float,float>::tuple<int,int,0>(_This2 &&,int &&) noexcept' being compiled
          with
          [
              _This2=int
          ]
  shader.cpp
C:\Program Files\Microsoft Visual Studio\2022\Community\VC\Tools\MSVC\14.35.32215\include\filesystem(13): warning STL4038: The contents of <filesystem> are available only with C++17 or later.
  Generating Code...
  glad.c
C:\Users\paul8\Downloads\Telegram Desktop\3D Scene\M7\glad.c(783,39): error C2061: syntax error: identifier 'glad_glMultiDrawArraysIndirectCount'
C:\Users\paul8\Downloads\Telegram Desktop\3D Scene\M7\glad.c(783,39): error C2059: syntax error: ';'
C:\Users\paul8\Downloads\Telegram Desktop\3D Scene\M7\glad.c(783,75): error C2513: ' ': no variable declared before '='
C:\Users\paul8\Downloads\Telegram Desktop\3D Scene\M7\glad.c(787,41): error C2061: syntax error: identifier 'glad_glMultiDrawElementsIndirectCount'
C:\Users\paul8\Downloads\Telegram Desktop\3D Scene\M7\glad.c(787,41): error C2059: syntax error: ';'
C:\Users\paul8\Downloads\Telegram Desktop\3D Scene\M7\glad.c(787,79): error C2513: ' ': no variable declared before '='
C:\Users\paul8\Downloads\Telegram Desktop\3D Scene\M7\glad.c(876,29): error C2061: syntax error: identifier 'glad_glPolygonOffsetClamp'
C:\Users\paul8\Downloads\Telegram Desktop\3D Scene\M7\glad.c(876,29): error C2059: syntax error: ';'
C:\Users\paul8\Downloads\Telegram Desktop\3D Scene\M7\glad.c(876,55): error C2513: ' ': no variable declared before '='
C:\Users\paul8\Downloads\Telegram Desktop\3D Scene\M7\glad.c(1024,27): error C2061: syntax error: identifier 'glad_glSpecializeShader'
C:\Users\paul8\Downloads\Telegram Desktop\3D Scene\M7\glad.c(1024,27): error C2059: syntax error: ';'
C:\Users\paul8\Downloads\Telegram Desktop\3D Scene\M7\glad.c(1024,51): error C2513: ' ': no variable declared before '='
C:\Users\paul8\Downloads\Telegram Desktop\3D Scene\M7\glad.c(2430,26): error C2065: 'glad_glSpecializeShader': undeclared identifier
C:\Users\paul8\Downloads\Telegram Desktop\3D Scene\M7\glad.c(2430,54): error C2065: 'PFNGLSPECIALIZESHADERPROC': undeclared identifier
C:\Users\paul8\Downloads\Telegram Desktop\3D Scene\M7\glad.c(2430,55): error C2146: syntax error: missing ';' before identifier 'load'
C:\Users\paul8\Downloads\Telegram Desktop\3D Scene\M7\glad.c(2431,38): error C2065: 'glad_glMultiDrawArraysIndirectCount': undeclared identifier
C:\Users\paul8\Downloads\Telegram Desktop\3D Scene\M7\glad.c(2431,78): error C2065: 'PFNGLMULTIDRAWARRAYSINDIRECTCOUNTPROC': undeclared identifier
C:\Users\paul8\Downloads\Telegram Desktop\3D Scene\M7\glad.c(2431,79): error C2146: syntax error: missing ';' before identifier 'load'
C:\Users\paul8\Downloads\Telegram Desktop\3D Scene\M7\glad.c(2432,40): error C2065: 'glad_glMultiDrawElementsIndirectCount': undeclared identifier
C:\Users\paul8\Downloads\Telegram Desktop\3D Scene\M7\glad.c(2432,82): error C2065: 'PFNGLMULTIDRAWELEMENTSINDIRECTCOUNTPROC': undeclared identifier
C:\Users\paul8\Downloads\Telegram Desktop\3D Scene\M7\glad.c(2432,83): error C2146: syntax error: missing ';' before identifier 'load'
C:\Users\paul8\Downloads\Telegram Desktop\3D Scene\M7\glad.c(2433,28): error C2065: 'glad_glPolygonOffsetClamp': undeclared identifier
C:\Users\paul8\Downloads\Telegram Desktop\3D Scene\M7\glad.c(2433,58): error C2065: 'PFNGLPOLYGONOFFSETCLAMPPROC': undeclared identifier
C:\Users\paul8\Downloads\Telegram Desktop\3D Scene\M7\glad.c(2433,59): error C2146: syntax error: missing ';' before identifier 'load'
